# JRE version: OpenJDK Runtime Environment (8.0_112-b06) (build 1.8.0_112-release-b06)
# Java VM: OpenJDK 64-Bit Server VM (25.112-b06 mixed mode windows-amd64 compressed oops)
Heap:
 PSYoungGen      total 188416K, used 23270K [0x00000000e0000000, 0x00000000f0180000, 0x0000000100000000)
  eden space 167936K, 5% used [0x00000000e0000000,0x00000000e0893740,0x00000000ea400000)
  from space 20480K, 70% used [0x00000000ea400000,0x00000000eb2260c0,0x00000000eb800000)
  to   space 21504K, 0% used [0x00000000eec80000,0x00000000eec80000,0x00000000f0180000)
 ParOldGen       total 94208K, used 71498K [0x00000000a0000000, 0x00000000a5c00000, 0x00000000e0000000)
  object space 94208K, 75% used [0x00000000a0000000,0x00000000a45d29d0,0x00000000a5c00000)
 Metaspace       used 69184K, capacity 72384K, committed 72704K, reserved 1112064K
  class space    used 9012K, capacity 9643K, committed 9728K, reserved 1048576K
GC Heap History (10 events):
Event: 131.315 GC heap before
{Heap before GC invocations=22 (full 3):
 PSYoungGen      total 139776K, used 125440K [0x00000000e0000000, 0x00000000e9d80000, 0x0000000100000000)
  eden space 125440K, 100% used [0x00000000e0000000,0x00000000e7a80000,0x00000000e7a80000)
  from space 14336K, 0% used [0x00000000e8f80000,0x00000000e8f80000,0x00000000e9d80000)
  to   space 17920K, 0% used [0x00000000e7a80000,0x00000000e7a80000,0x00000000e8c00000)
 ParOldGen       total 94208K, used 43619K [0x00000000a0000000, 0x00000000a5c00000, 0x00000000e0000000)
  object space 94208K, 46% used [0x00000000a0000000,0x00000000a2a98ce0,0x00000000a5c00000)
 Metaspace       used 57192K, capacity 59926K, committed 60288K, reserved 1101824K
  class space    used 7664K, capacity 8200K, committed 8320K, reserved 1048576K
Event: 131.344 GC heap after
Heap after GC invocations=22 (full 3):
 PSYoungGen      total 143360K, used 10544K [0x00000000e0000000, 0x00000000eb280000, 0x0000000100000000)
  eden space 125440K, 0% used [0x00000000e0000000,0x00000000e0000000,0x00000000e7a80000)
  from space 17920K, 58% used [0x00000000e7a80000,0x00000000e84cc070,0x00000000e8c00000)
  to   space 17920K, 0% used [0x00000000ea100000,0x00000000ea100000,0x00000000eb280000)
 ParOldGen       total 94208K, used 43627K [0x00000000a0000000, 0x00000000a5c00000, 0x00000000e0000000)
  object space 94208K, 46% used [0x00000000a0000000,0x00000000a2a9ace0,0x00000000a5c00000)
 Metaspace       used 57192K, capacity 59926K, committed 60288K, reserved 1101824K
  class space    used 7664K, capacity 8200K, committed 8320K, reserved 1048576K
}
Event: 141.467 GC heap before
{Heap before GC invocations=23 (full 3):
 PSYoungGen      total 143360K, used 135984K [0x00000000e0000000, 0x00000000eb280000, 0x0000000100000000)
  eden space 125440K, 100% used [0x00000000e0000000,0x00000000e7a80000,0x00000000e7a80000)
  from space 17920K, 58% used [0x00000000e7a80000,0x00000000e84cc070,0x00000000e8c00000)
  to   space 17920K, 0% used [0x00000000ea100000,0x00000000ea100000,0x00000000eb280000)
 ParOldGen       total 94208K, used 43627K [0x00000000a0000000, 0x00000000a5c00000, 0x00000000e0000000)
  object space 94208K, 46% used [0x00000000a0000000,0x00000000a2a9ace0,0x00000000a5c00000)
 Metaspace       used 63184K, capacity 66230K, committed 66432K, reserved 1105920K
  class space    used 8439K, capacity 9030K, committed 9088K, reserved 1048576K
Event: 141.604 GC heap after
Heap after GC invocations=23 (full 3):
 PSYoungGen      total 160256K, used 17907K [0x00000000e0000000, 0x00000000ebb80000, 0x0000000100000000)
  eden space 142336K, 0% used [0x00000000e0000000,0x00000000e0000000,0x00000000e8b00000)
  from space 17920K, 99% used [0x00000000ea100000,0x00000000eb27cea0,0x00000000eb280000)
  to   space 22528K, 0% used [0x00000000e8b00000,0x00000000e8b00000,0x00000000ea100000)
 ParOldGen       total 94208K, used 47727K [0x00000000a0000000, 0x00000000a5c00000, 0x00000000e0000000)
  object space 94208K, 50% used [0x00000000a0000000,0x00000000a2e9bc98,0x00000000a5c00000)
 Metaspace       used 63184K, capacity 66230K, committed 66432K, reserved 1105920K
  class space    used 8439K, capacity 9030K, committed 9088K, reserved 1048576K
}
Event: 148.241 GC heap before
{Heap before GC invocations=24 (full 3):
 PSYoungGen      total 160256K, used 159242K [0x00000000e0000000, 0x00000000ebb80000, 0x0000000100000000)
  eden space 142336K, 99% used [0x00000000e0000000,0x00000000e8a05970,0x00000000e8b00000)
  from space 17920K, 99% used [0x00000000ea100000,0x00000000eb27cea0,0x00000000eb280000)
  to   space 22528K, 0% used [0x00000000e8b00000,0x00000000e8b00000,0x00000000ea100000)
 ParOldGen       total 94208K, used 47727K [0x00000000a0000000, 0x00000000a5c00000, 0x00000000e0000000)
  object space 94208K, 50% used [0x00000000a0000000,0x00000000a2e9bc98,0x00000000a5c00000)
 Metaspace       used 65085K, capacity 68198K, committed 68480K, reserved 1107968K
  class space    used 8653K, capacity 9276K, committed 9344K, reserved 1048576K
Event: 148.338 GC heap after
Heap after GC invocations=24 (full 3):
 PSYoungGen      total 164864K, used 7740K [0x00000000e0000000, 0x00000000ecd00000, 0x0000000100000000)
  eden space 142336K, 0% used [0x00000000e0000000,0x00000000e0000000,0x00000000e8b00000)
  from space 22528K, 34% used [0x00000000e8b00000,0x00000000e928f2d0,0x00000000ea100000)
  to   space 21504K, 0% used [0x00000000eb800000,0x00000000eb800000,0x00000000ecd00000)
 ParOldGen       total 94208K, used 65151K [0x00000000a0000000, 0x00000000a5c00000, 0x00000000e0000000)
  object space 94208K, 69% used [0x00000000a0000000,0x00000000a3f9fd90,0x00000000a5c00000)
 Metaspace       used 65085K, capacity 68198K, committed 68480K, reserved 1107968K
  class space    used 8653K, capacity 9276K, committed 9344K, reserved 1048576K
}
Event: 148.380 GC heap before
{Heap before GC invocations=25 (full 3):
 PSYoungGen      total 164864K, used 149417K [0x00000000e0000000, 0x00000000ecd00000, 0x0000000100000000)
  eden space 142336K, 99% used [0x00000000e0000000,0x00000000e8a5b178,0x00000000e8b00000)
  from space 22528K, 34% used [0x00000000e8b00000,0x00000000e928f2d0,0x00000000ea100000)
  to   space 21504K, 0% used [0x00000000eb800000,0x00000000eb800000,0x00000000ecd00000)
 ParOldGen       total 94208K, used 65151K [0x00000000a0000000, 0x00000000a5c00000, 0x00000000e0000000)
  object space 94208K, 69% used [0x00000000a0000000,0x00000000a3f9fd90,0x00000000a5c00000)
 Metaspace       used 65093K, capacity 68198K, committed 68480K, reserved 1107968K
  class space    used 8653K, capacity 9276K, committed 9344K, reserved 1048576K
Event: 148.397 GC heap after
Heap after GC invocations=25 (full 3):
 PSYoungGen      total 189440K, used 6767K [0x00000000e0000000, 0x00000000ee100000, 0x0000000100000000)
  eden space 167936K, 0% used [0x00000000e0000000,0x00000000e0000000,0x00000000ea400000)
  from space 21504K, 31% used [0x00000000eb800000,0x00000000ebe9bee0,0x00000000ecd00000)
  to   space 20480K, 0% used [0x00000000ea400000,0x00000000ea400000,0x00000000eb800000)
 ParOldGen       total 94208K, used 65159K [0x00000000a0000000, 0x00000000a5c00000, 0x00000000e0000000)
  object space 94208K, 69% used [0x00000000a0000000,0x00000000a3fa1d90,0x00000000a5c00000)
 Metaspace       used 65093K, capacity 68198K, committed 68480K, reserved 1107968K
  class space    used 8653K, capacity 9276K, committed 9344K, reserved 1048576K
}
Event: 160.832 GC heap before
{Heap before GC invocations=26 (full 3):
 PSYoungGen      total 189440K, used 174703K [0x00000000e0000000, 0x00000000ee100000, 0x0000000100000000)
  eden space 167936K, 100% used [0x00000000e0000000,0x00000000ea400000,0x00000000ea400000)
  from space 21504K, 31% used [0x00000000eb800000,0x00000000ebe9bee0,0x00000000ecd00000)
  to   space 20480K, 0% used [0x00000000ea400000,0x00000000ea400000,0x00000000eb800000)
 ParOldGen       total 94208K, used 65159K [0x00000000a0000000, 0x00000000a5c00000, 0x00000000e0000000)
  object space 94208K, 69% used [0x00000000a0000000,0x00000000a3fa1d90,0x00000000a5c00000)
 Metaspace       used 69047K, capacity 72300K, committed 72704K, reserved 1112064K
  class space    used 9006K, capacity 9639K, committed 9728K, reserved 1048576K
Event: 160.882 GC heap after
Heap after GC invocations=26 (full 3):
 PSYoungGen      total 188416K, used 14488K [0x00000000e0000000, 0x00000000f0180000, 0x0000000100000000)
  eden space 167936K, 0% used [0x00000000e0000000,0x00000000e0000000,0x00000000ea400000)
  from space 20480K, 70% used [0x00000000ea400000,0x00000000eb2260c0,0x00000000eb800000)
  to   space 21504K, 0% used [0x00000000eec80000,0x00000000eec80000,0x00000000f0180000)
 ParOldGen       total 94208K, used 71498K [0x00000000a0000000, 0x00000000a5c00000, 0x00000000e0000000)
  object space 94208K, 75% used [0x00000000a0000000,0x00000000a45d29d0,0x00000000a5c00000)
 Metaspace       used 69047K, capacity 72300K, committed 72704K, reserved 1112064K
  class space    used 9006K, capacity 9639K, committed 9728K, reserved 1048576K
}

